################################################################################
|                                                                              |
|                              MUFITS SIMULATOR                                |
|                  COPYRIGHT (C) 2013-2022 ANDREY AFANASYEV                    |
|                                                                              |
|------------------------------------------------------------------------------|
|                                                                              |
|                            H-SIMULATION LOG FILE                             |
|                                                                              |
|--------------------------- EXECUTION INFORMATION ----------------------------|
|   RELEASE: 2022.A08     RUN FILE: MODEL.RUN                                  |
| PROCESSES: 1            RUN DATE: 04.12.2022                                 |
|                         RUN TIME: 13:32:48                                   |
--------------------------------------------------------------------------------
############################### RUNSPEC SECTION ################################
| MSG: <BLACKOIL> MODEL WILL BE USED                                           |
| MSG: WATER PHASE ENABLED                                                     |
| MSG: OIL PHASE ENABLED                                                       |
| MSG: <METRIC> UNITS ARE USED                                                 |
| MSG: PRIMARY MODULE OPTION #47 ENABLED                                       |
| MSG: PRIMARY MODULE OPTION #55 DISABLED                                      |
| MSG: PRIMARY MODULE OPTION #85 ENABLED                                       |
| MSG: RESERVOIR <DEFAULT> IS ACTIVE                                           |
################################ GRID SECTION ##################################
| MSG: LOADING CORNER POINT GRID                                               |
| MSG: CARTESIAN GRID                                                          |
|      THE GRID SIZE IS EQUAL TO:  NX=60,    NY=60,    NZ=1                    |
| MSG: RESERVOIR <GLOBAL> IS ACTIVE                                            |
| MSG: THE X,Y,Z AXES BOUNDS ARE:                                              |
|      X=[ 0.000E+00, 2.000E+03] M   Y=[ 0.000E+00, 2.000E+03] M               |
|      Z=[ 4.000E+03, 4.010E+03] M                                             |
|      CELL LENGTH INCREMENTS ARE EQUAL TO:                                    |
|      X:  1.000E+00,    Y:  1.000E+00,    Z:  1.000E+00                       |
| MSG: SETTING MPINUM EQUAL TO CELLID:  NX=1   NY=1   NZ=1                     |
| MSG: KEYWORD ACTNUM                                                          |
| MSG: LOADING WELLS SPECIFICATION                                             |
|      NUMBER OF RECORDS READED: 12                                            |
|      NUMBER OF NEW WELLS SPECIFIED: 12                                       |
| MSG: LOADING COMPLETION DATA                                                 |
|      NUMBER OF RECORDS READED: 12                                            |
|      NUMBER OF NEW COMPLETIONS DETERMINED: 12                                |
| MSG: KEYWORD DZWELL                                                          |
| MSG: RESERVOIR: GLOBAL         BOX: GLOBAL                                   |
|      CELLID #1:  I=1...60,     J=1...60,     K=1...1                         |
|      CELLID #2:  I=1...60,     J=1...60,     K=1...1                         |
|      START: 0                                                                |
| MSG: AUTO GRID PARTITION IS NOT REQUIRED                                     |
| MSG: LOADING PARTITION INTO KERNEL                                           |
| MSG: LOADING CELLS INTO KERNEL                                               |
| MSG: LOADING CONNECTIONS INTO KERNEL                                         |
| MSG: LOADING WELLS INTO KERNEL                                               |
| MSG: LOADING CELL GROUPS                                                     |
| MSG: SAVING GRID VISUALIZATION DATA                                          |
| MSG: SAVING WELLS VISUALIZATION DATA                                         |
| MSG: CHECKING GRAPH DATA ...                                                 |
| MSG: CREATING GRAPH LOOK UP ARRAYS ...                                       |
| MSG: LOADING GROUPS IN KERNEL...                                             |
------------------------ GRAPH STATISTIC BRIEF REPORT --------------------------
|         CELLS IN RUNFILE: 2515               LOADED: 2515 (100.00%)          |
|   CONNECTIONS IN RUNFILE: 4891               LOADED: 4891 (100.00%)          |
|------------------------------------------------------------------------------|
| PROC      NGPR          CELLS           CONNECTIONS            EXTERNAL      |
| TOTAL                   2515                4891                             |
|    0    0(  0.00%)      2515(100.00%)       4891(100.00%)         0(  0.00%) |
--------------------------------------------------------------------------------
------------------------ CELL GROUPS STATISTIC REPORT --------------------------
|      GROUP CONNECTIONS IN RUNFILE: 0         LOADED: 0 (  0.00%)             |
|------------------------------------------------------------------------------|
|   PROC           GROUPS                   GROUP CONNECTIONS                  |
|  TOTAL               0                             0                         |
|     0                0 (  0.0%)                    0 (  0.0%)                |
--------------------------------------------------------------------------------
------------------------- RESERVOIR STATISTIC REPORT ---------------------------
|                     BLOCK                               IFACE                |
| PROC       TOTAL           EXTERNAL            TOTAL           EXTERNAL      |
| TOTAL    2491                                4867                            |
|    0     2491(100.00%)        0(  0.00%)     4867(100.00%)        0(  0.00%) |
|------------------------------------------------------------------------------|
|                   PIPESEGM                            PIPEJUNC               |
| PROC       TOTAL           EXTERNAL            TOTAL           EXTERNAL      |
| TOTAL      12                                   0                            |
|    0       12(100.00%)        0(  0.00%)        0(  0.00%)        0(  0.00%) |
|------------------------------------------------------------------------------|
|                      TANK                                PUMP                |
| PROC       TOTAL           EXTERNAL            TOTAL           EXTERNAL      |
| TOTAL      12                                  12                            |
|    0       12(100.00%)        0(  0.00%)       12(100.00%)        0(  0.00%) |
|------------------------------------------------------------------------------|
|                   COMPDATA                                                   |
| PROC       TOTAL           EXTERNAL                                          |
| TOTAL      12                                                                |
|    0       12(100.00%)        0(  0.00%)                                     |
--------------------------------------------------------------------------------
| MSG: RESERVOIR: GLOBAL         BOX: GLOBAL                                   |
|      CELLID #1:  I=1...60,     J=1...60,     K=1...1                         |
|      CELLID #2:  I=1...60,     J=1...60,     K=1...1                         |
|      START: 0                                                                |
| MSG: LOADING <PERMX> ARRAY                                                   |
|      NUMBER OF VALUES LOADED: 2491 (69.2%)                                   |
|      NUMBER OF VALUES IGNORED: 1109 (30.8%)                                  |
| MSG: PERFORMING <EQUALS> OPERATION                                           |
| MSG: PERFORMING <COPY> OPERATION                                             |
| MSG: READING GRID OUTPUT DATA SPECIFICATION                                  |
| MSG: RESERVOIR: GLOBAL         BOX: GLOBAL                                   |
|      CELLID #1:  I=1...60,     J=1...60,     K=1...1                         |
|      CELLID #2:  I=1...60,     J=1...60,     K=1...1                         |
|      START: 0                                                                |
| MSG: SAVING SUMMARY IN: MODEL.GRID.SUM                                       |
|      ELAPSED TIME:  1.137E-01 SEC                                            |
################################ PROPS SECTION #################################
| MSG: LOADING PROPERTIES FOR ROCKNUM REGION: 1                                |
| MSG: LOADING ROCKECL PARAMETERS                                              |
| MSG: LOADING PROPERTIES FOR SATNUM REGION: 1                                 |
| MSG: LOADING SWOF DATA                                                       |
|      NUMBER OF RECORDS READED: 2                                             |
| MSG: LOADING PROPERTIES FOR EOSNUM REGION: 1                                 |
| MSG: KEYWORD DENSITY                                                         |
|      OIL DENSITY: 900.00 KG/M3                                               |
|      WATER DENSITY: 1000.00 KG/M3                                            |
|      GAS DENSITY: 1.00 KG/M3                                                 |
| MSG: LOADING PVCDO TABLE                                                     |
| MSG: LOADING PVTW TABLE                                                      |
---------------------------- ROCK/SAT BRIEF REPORT -----------------------------
|         PROC                 ROCKNUM               SATNUM                    |
|          0                    1 (1)                 1 (1)                    |
--------------------------------------------------------------------------------
################################ INIT SECTION ##################################
| MSG: READING EQUILIBRATION DATA FOR REGION EQLNUM=1                          |
|      DEPTH LIMITS: [ 4.005E+03, 4.005E+03] M                                 |
|      PVT PROPERTIES FROM THE REGION EOSNUM=1 WILL BE USED IN EQUILIBRATION   |
| MSG: READING EQUILIBRATION PARAMETERS                                        |
|      DATUM DEPTH: 4000.00 M                                                  |
|      PRESSURE AT THE DATUM DEPTH: 400.0000 BAR                               |
|      DEPTH OF THE OIL-WATER CONTACT: 5000.00 M                               |
|      OIL-WATER CAPILLARY PRESSURE AT THE WOC: .0000 BAR                      |
|      DEPTH OF THE GAS-OIL CONTACT: .00 M                                     |
|      GAS-OIL CAPILLARY PRESSURE AT THE GOC: .0000 BAR                        |
|      THE NUMBER OF CELLS SUBJECT TO EQUILIBRATION: 2491                      |
| MSG: READING SOLUTION OUTPUT DATA SPECIFICATION                              |
| MSG: READING WELLS OUTPUT DATA SPECIFICATION                                 |
| MSG: READING FORMATION TOTALS OUTPUT DATA SPECIFICATION                      |
| MSG: RESERVOIR: GLOBAL         BOX: GLOBAL                                   |
|      CELLID #1:  I=1...60,     J=1...60,     K=1...1                         |
|      CELLID #2:  I=1...60,     J=1...60,     K=1...1                         |
|      START: 0                                                                |
| MSG: PRIMARY VARIABLES INITIALISATION                                        |
|      ELAPSED TIME:  9.956E-04 SEC                                            |
| MSG: THE MODEL INITIALIZATION TIME: 2.144E-01 SEC                            |
############################## SCHEDULE SECTION ################################
| MSG: SAVING SUMMARY IN: MODEL.0000.SUM                                       |
|      ELAPSED TIME:  3.889E-02 SEC                                            |
| MSG: NOSIM OPTION SELECTED. THE SIMULATION WILL NOT BE CONDUCTED             |
| MSG: READING TUNING PARAMETERS                                               |
| MSG: KEYWORD VARS                                                            |
|      NUMBER OF VARS PROPERTIES MODIFIED: 2                                   |
| MSG: KEYWORD WELLINJE                                                        |
|      NUMBER OF RECORDS READED: 1                                             |
| MSG: KEYWORD WELLPROD                                                        |
|      NUMBER OF RECORDS READED: 1                                             |
| MSG: THE NUMBER OF MODIFIED CELLS: 8                                         |
################################ POST SECTION ##################################
| MSG: READING POST-PROCESS OUTPUT SPECIFICATION                               |
| MSG: KEYWORD POSTWELL                                                        |
| MSG: READING POST-PROCESS OUTPUT SPECIFICATION                               |
| MSG: KEYWORD POSTWELL                                                        |
| MSG: READING POST-PROCESS OUTPUT SPECIFICATION                               |
| MSG: CONVERTING OUTPUT FOR VISUALIZATION                                     |
| MSG: LOADING MVS-FILE: MODEL.WELL.MVS                                        |
|      NUMBER OF NODES LOADED: 36                                              |
|      NUMBER OF CELLS LOADED: 12                                              |
| MSG: POSTPROCESSING MVS-FILE DATA                                            |
|      NUMBER OF NOT CONNECTED NODES REMOVED: 12                               |
| MSG: SAVING FILE: MODEL.WELL.vtu                                             |
| MSG: LOADING MVS-FILE: MODEL.MVS                                             |
|      NUMBER OF NODES LOADED: 7442                                            |
|      NUMBER OF CELLS LOADED: 2491                                            |
| MSG: POSTPROCESSING MVS-FILE DATA                                            |
|      NUMBER OF NOT CONNECTED NODES REMOVED: 2228                             |
| MSG: POSTPROCESSING ALL DATA                                                 |
|      TOTAL NUMBER OF NODES: 5214                                             |
|      TOTAL NUMBER OF CELLS: 2491                                             |
| MSG: LOADING SUM-FILE: MODEL.GRID.SUM                                        |
| MSG: SAVING FILE: MODEL.GRID.vtu                                             |
| MSG: LOADING SUM-FILE: MODEL.0000.SUM                                        |
| MSG: SAVING FILE: MODEL.0000.vtu                                             |
| MSG: LOADING SUM-FILE: MODEL.0001.SUM                                        |
|      FILE NOT FOUND                                                          |
| MSG: LOADING SUM-FILE: MODEL.0002.SUM                                        |
|      FILE NOT FOUND                                                          |
| MSG: LOADING SUM-FILE: MODEL.0003.SUM                                        |
|      FILE NOT FOUND                                                          |
| MSG: LOADING SUM-FILE: MODEL.0004.SUM                                        |
|      FILE NOT FOUND                                                          |
| MSG: LOADING SUM-FILE: MODEL.0005.SUM                                        |
|      FILE NOT FOUND                                                          |
| MSG: LOADING SUM-FILE: MODEL.0006.SUM                                        |
|      FILE NOT FOUND                                                          |
| MSG: LOADING SUM-FILE: MODEL.0007.SUM                                        |
|      FILE NOT FOUND                                                          |
| MSG: LOADING SUM-FILE: MODEL.0008.SUM                                        |
|      FILE NOT FOUND                                                          |
| MSG: LOADING SUM-FILE: MODEL.0009.SUM                                        |
|      FILE NOT FOUND                                                          |
| MSG: LOADING SUM-FILE: MODEL.0010.SUM                                        |
|      FILE NOT FOUND                                                          |
| MSG: LOADING SUM-FILE: MODEL.0011.SUM                                        |
|      FILE NOT FOUND                                                          |
| MSG: LOADING SUM-FILE: MODEL.0012.SUM                                        |
|      FILE NOT FOUND                                                          |
| MSG: LOADING SUM-FILE: MODEL.0013.SUM                                        |
|      FILE NOT FOUND                                                          |
| MSG: LOADING SUM-FILE: MODEL.0014.SUM                                        |
|      FILE NOT FOUND                                                          |
| MSG: LOADING SUM-FILE: MODEL.0015.SUM                                        |
|      FILE NOT FOUND                                                          |
| MSG: LOADING SUM-FILE: MODEL.0016.SUM                                        |
|      FILE NOT FOUND                                                          |
| MSG: LOADING SUM-FILE: MODEL.0017.SUM                                        |
|      FILE NOT FOUND                                                          |
| MSG: LOADING SUM-FILE: MODEL.0018.SUM                                        |
|      FILE NOT FOUND                                                          |
| MSG: LOADING SUM-FILE: MODEL.0019.SUM                                        |
|      FILE NOT FOUND                                                          |
| MSG: LOADING SUM-FILE: MODEL.0020.SUM                                        |
|      FILE NOT FOUND                                                          |
| MSG: LOADING SUM-FILE: MODEL.0021.SUM                                        |
|      FILE NOT FOUND                                                          |
| MSG: LOADING SUM-FILE: MODEL.0022.SUM                                        |
|      FILE NOT FOUND                                                          |
| MSG: LOADING SUM-FILE: MODEL.0023.SUM                                        |
|      FILE NOT FOUND                                                          |
| MSG: LOADING SUM-FILE: MODEL.0024.SUM                                        |
|      FILE NOT FOUND                                                          |
| MSG: LOADING SUM-FILE: MODEL.0025.SUM                                        |
|      FILE NOT FOUND                                                          |
| MSG: LOADING SUM-FILE: MODEL.0026.SUM                                        |
|      FILE NOT FOUND                                                          |
| MSG: LOADING SUM-FILE: MODEL.0027.SUM                                        |
|      FILE NOT FOUND                                                          |
| MSG: LOADING SUM-FILE: MODEL.0028.SUM                                        |
|      FILE NOT FOUND                                                          |
| MSG: LOADING SUM-FILE: MODEL.0029.SUM                                        |
|      FILE NOT FOUND                                                          |
| MSG: LOADING SUM-FILE: MODEL.0030.SUM                                        |
|      FILE NOT FOUND                                                          |
| MSG: LOADING SUM-FILE: MODEL.0031.SUM                                        |
|      FILE NOT FOUND                                                          |
| MSG: LOADING SUM-FILE: MODEL.0032.SUM                                        |
|      FILE NOT FOUND                                                          |
| MSG: LOADING SUM-FILE: MODEL.0033.SUM                                        |
|      FILE NOT FOUND                                                          |
| MSG: LOADING SUM-FILE: MODEL.0034.SUM                                        |
|      FILE NOT FOUND                                                          |
| MSG: LOADING SUM-FILE: MODEL.0035.SUM                                        |
|      FILE NOT FOUND                                                          |
| MSG: LOADING SUM-FILE: MODEL.0036.SUM                                        |
|      FILE NOT FOUND                                                          |
| MSG: LOADING SUM-FILE: MODEL.0037.SUM                                        |
|      FILE NOT FOUND                                                          |
| MSG: LOADING SUM-FILE: MODEL.0038.SUM                                        |
|      FILE NOT FOUND                                                          |
| MSG: LOADING SUM-FILE: MODEL.0039.SUM                                        |
|      FILE NOT FOUND                                                          |
| MSG: LOADING SUM-FILE: MODEL.0040.SUM                                        |
|      FILE NOT FOUND                                                          |
| MSG: LOADING SUM-FILE: MODEL.0041.SUM                                        |
|      FILE NOT FOUND                                                          |
| MSG: LOADING SUM-FILE: MODEL.0042.SUM                                        |
|      FILE NOT FOUND                                                          |
| MSG: LOADING SUM-FILE: MODEL.0043.SUM                                        |
|      FILE NOT FOUND                                                          |
| MSG: LOADING SUM-FILE: MODEL.0044.SUM                                        |
|      FILE NOT FOUND                                                          |
| MSG: LOADING SUM-FILE: MODEL.0045.SUM                                        |
|      FILE NOT FOUND                                                          |
| MSG: LOADING SUM-FILE: MODEL.0046.SUM                                        |
|      FILE NOT FOUND                                                          |
| MSG: LOADING SUM-FILE: MODEL.0047.SUM                                        |
|      FILE NOT FOUND                                                          |
| MSG: LOADING SUM-FILE: MODEL.0048.SUM                                        |
|      FILE NOT FOUND                                                          |
| MSG: LOADING SUM-FILE: MODEL.0049.SUM                                        |
|      FILE NOT FOUND                                                          |
| MSG: LOADING SUM-FILE: MODEL.0050.SUM                                        |
|      FILE NOT FOUND                                                          |
| MSG: LOADING SUM-FILE: MODEL.0051.SUM                                        |
|      FILE NOT FOUND                                                          |
| MSG: LOADING SUM-FILE: MODEL.0052.SUM                                        |
|      FILE NOT FOUND                                                          |
| MSG: LOADING SUM-FILE: MODEL.0053.SUM                                        |
|      FILE NOT FOUND                                                          |
| MSG: LOADING SUM-FILE: MODEL.0054.SUM                                        |
|      FILE NOT FOUND                                                          |
| MSG: LOADING SUM-FILE: MODEL.0055.SUM                                        |
|      FILE NOT FOUND                                                          |
| MSG: LOADING SUM-FILE: MODEL.0056.SUM                                        |
|      FILE NOT FOUND                                                          |
| MSG: LOADING SUM-FILE: MODEL.0057.SUM                                        |
|      FILE NOT FOUND                                                          |
| MSG: LOADING SUM-FILE: MODEL.0058.SUM                                        |
|      FILE NOT FOUND                                                          |
| MSG: LOADING SUM-FILE: MODEL.0059.SUM                                        |
|      FILE NOT FOUND                                                          |
| MSG: LOADING SUM-FILE: MODEL.0060.SUM                                        |
|      FILE NOT FOUND                                                          |
| MSG: LOADING SUM-FILE: MODEL.0061.SUM                                        |
|      FILE NOT FOUND                                                          |
| MSG: LOADING SUM-FILE: MODEL.0062.SUM                                        |
|      FILE NOT FOUND                                                          |
| MSG: LOADING SUM-FILE: MODEL.0063.SUM                                        |
|      FILE NOT FOUND                                                          |
| MSG: LOADING SUM-FILE: MODEL.0064.SUM                                        |
|      FILE NOT FOUND                                                          |
| MSG: LOADING SUM-FILE: MODEL.0065.SUM                                        |
|      FILE NOT FOUND                                                          |
| MSG: LOADING SUM-FILE: MODEL.0066.SUM                                        |
|      FILE NOT FOUND                                                          |
| MSG: LOADING SUM-FILE: MODEL.0067.SUM                                        |
|      FILE NOT FOUND                                                          |
| MSG: LOADING SUM-FILE: MODEL.0068.SUM                                        |
|      FILE NOT FOUND                                                          |
| MSG: LOADING SUM-FILE: MODEL.0069.SUM                                        |
|      FILE NOT FOUND                                                          |
| MSG: LOADING SUM-FILE: MODEL.0070.SUM                                        |
|      FILE NOT FOUND                                                          |
| MSG: LOADING SUM-FILE: MODEL.0071.SUM                                        |
|      FILE NOT FOUND                                                          |
| MSG: LOADING SUM-FILE: MODEL.0072.SUM                                        |
|      FILE NOT FOUND                                                          |
| MSG: LOADING SUM-FILE: MODEL.0073.SUM                                        |
|      FILE NOT FOUND                                                          |
| MSG: LOADING SUM-FILE: MODEL.0074.SUM                                        |
|      FILE NOT FOUND                                                          |
| MSG: LOADING SUM-FILE: MODEL.0075.SUM                                        |
|      FILE NOT FOUND                                                          |
| MSG: LOADING SUM-FILE: MODEL.0076.SUM                                        |
|      FILE NOT FOUND                                                          |
| MSG: LOADING SUM-FILE: MODEL.0077.SUM                                        |
|      FILE NOT FOUND                                                          |
| MSG: LOADING SUM-FILE: MODEL.0078.SUM                                        |
|      FILE NOT FOUND                                                          |
| MSG: LOADING SUM-FILE: MODEL.0079.SUM                                        |
|      FILE NOT FOUND                                                          |
| MSG: LOADING SUM-FILE: MODEL.0080.SUM                                        |
|      FILE NOT FOUND                                                          |
| MSG: LOADING SUM-FILE: MODEL.0081.SUM                                        |
|      FILE NOT FOUND                                                          |
| MSG: LOADING SUM-FILE: MODEL.0082.SUM                                        |
|      FILE NOT FOUND                                                          |
| MSG: LOADING SUM-FILE: MODEL.0083.SUM                                        |
|      FILE NOT FOUND                                                          |
| MSG: LOADING SUM-FILE: MODEL.0084.SUM                                        |
|      FILE NOT FOUND                                                          |
| MSG: LOADING SUM-FILE: MODEL.0085.SUM                                        |
|      FILE NOT FOUND                                                          |
| MSG: LOADING SUM-FILE: MODEL.0086.SUM                                        |
|      FILE NOT FOUND                                                          |
| MSG: LOADING SUM-FILE: MODEL.0087.SUM                                        |
|      FILE NOT FOUND                                                          |
| MSG: LOADING SUM-FILE: MODEL.0088.SUM                                        |
|      FILE NOT FOUND                                                          |
| MSG: LOADING SUM-FILE: MODEL.0089.SUM                                        |
|      FILE NOT FOUND                                                          |
| MSG: LOADING SUM-FILE: MODEL.0090.SUM                                        |
|      FILE NOT FOUND                                                          |
| MSG: LOADING SUM-FILE: MODEL.0091.SUM                                        |
|      FILE NOT FOUND                                                          |
| MSG: LOADING SUM-FILE: MODEL.0092.SUM                                        |
|      FILE NOT FOUND                                                          |
| MSG: LOADING SUM-FILE: MODEL.0093.SUM                                        |
|      FILE NOT FOUND                                                          |
| MSG: LOADING SUM-FILE: MODEL.0094.SUM                                        |
|      FILE NOT FOUND                                                          |
| MSG: LOADING SUM-FILE: MODEL.0095.SUM                                        |
|      FILE NOT FOUND                                                          |
| MSG: LOADING SUM-FILE: MODEL.0096.SUM                                        |
|      FILE NOT FOUND                                                          |
| MSG: LOADING SUM-FILE: MODEL.0097.SUM                                        |
|      FILE NOT FOUND                                                          |
| MSG: LOADING SUM-FILE: MODEL.0098.SUM                                        |
|      FILE NOT FOUND                                                          |
| MSG: LOADING SUM-FILE: MODEL.0099.SUM                                        |
|      FILE NOT FOUND                                                          |
| MSG: LOADING SUM-FILE: MODEL.0100.SUM                                        |
|      FILE NOT FOUND                                                          |
| MSG: LOADING SUM-FILE: MODEL.0101.SUM                                        |
|      FILE NOT FOUND                                                          |
| MSG: LOADING SUM-FILE: MODEL.0102.SUM                                        |
|      FILE NOT FOUND                                                          |
| MSG: LOADING SUM-FILE: MODEL.0103.SUM                                        |
|      FILE NOT FOUND                                                          |
| MSG: LOADING SUM-FILE: MODEL.0104.SUM                                        |
|      FILE NOT FOUND                                                          |
| MSG: LOADING SUM-FILE: MODEL.0105.SUM                                        |
|      FILE NOT FOUND                                                          |
| MSG: LOADING SUM-FILE: MODEL.0106.SUM                                        |
|      FILE NOT FOUND                                                          |
| MSG: LOADING SUM-FILE: MODEL.0107.SUM                                        |
|      FILE NOT FOUND                                                          |
| MSG: LOADING SUM-FILE: MODEL.0108.SUM                                        |
|      FILE NOT FOUND                                                          |
| MSG: LOADING SUM-FILE: MODEL.0109.SUM                                        |
|      FILE NOT FOUND                                                          |
| MSG: LOADING SUM-FILE: MODEL.0110.SUM                                        |
|      FILE NOT FOUND                                                          |
| MSG: LOADING SUM-FILE: MODEL.0111.SUM                                        |
|      FILE NOT FOUND                                                          |
| MSG: LOADING SUM-FILE: MODEL.0112.SUM                                        |
|      FILE NOT FOUND                                                          |
| MSG: LOADING SUM-FILE: MODEL.0113.SUM                                        |
|      FILE NOT FOUND                                                          |
| MSG: LOADING SUM-FILE: MODEL.0114.SUM                                        |
|      FILE NOT FOUND                                                          |
| MSG: LOADING SUM-FILE: MODEL.0115.SUM                                        |
|      FILE NOT FOUND                                                          |
| MSG: LOADING SUM-FILE: MODEL.0116.SUM                                        |
|      FILE NOT FOUND                                                          |
| MSG: LOADING SUM-FILE: MODEL.0117.SUM                                        |
|      FILE NOT FOUND                                                          |
| MSG: LOADING SUM-FILE: MODEL.0118.SUM                                        |
|      FILE NOT FOUND                                                          |
| MSG: LOADING SUM-FILE: MODEL.0119.SUM                                        |
|      FILE NOT FOUND                                                          |
| MSG: LOADING SUM-FILE: MODEL.0120.SUM                                        |
|      FILE NOT FOUND                                                          |
| MSG: LOADING SUM-FILE: MODEL.0121.SUM                                        |
|      FILE NOT FOUND                                                          |
| MSG: LOADING SUM-FILE: MODEL.0122.SUM                                        |
|      FILE NOT FOUND                                                          |
| MSG: LOADING SUM-FILE: MODEL.0123.SUM                                        |
|      FILE NOT FOUND                                                          |
| MSG: LOADING SUM-FILE: MODEL.0124.SUM                                        |
|      FILE NOT FOUND                                                          |
| MSG: LOADING SUM-FILE: MODEL.0125.SUM                                        |
|      FILE NOT FOUND                                                          |
| MSG: LOADING SUM-FILE: MODEL.0126.SUM                                        |
|      FILE NOT FOUND                                                          |
| MSG: LOADING SUM-FILE: MODEL.0127.SUM                                        |
|      FILE NOT FOUND                                                          |
| MSG: LOADING SUM-FILE: MODEL.0128.SUM                                        |
|      FILE NOT FOUND                                                          |
| MSG: LOADING SUM-FILE: MODEL.0129.SUM                                        |
|      FILE NOT FOUND                                                          |
| MSG: LOADING SUM-FILE: MODEL.0130.SUM                                        |
|      FILE NOT FOUND                                                          |
| MSG: LOADING SUM-FILE: MODEL.0131.SUM                                        |
|      FILE NOT FOUND                                                          |
| MSG: LOADING SUM-FILE: MODEL.0132.SUM                                        |
|      FILE NOT FOUND                                                          |
| MSG: LOADING SUM-FILE: MODEL.0133.SUM                                        |
|      FILE NOT FOUND                                                          |
| MSG: LOADING SUM-FILE: MODEL.0134.SUM                                        |
|      FILE NOT FOUND                                                          |
| MSG: LOADING SUM-FILE: MODEL.0135.SUM                                        |
|      FILE NOT FOUND                                                          |
| MSG: LOADING SUM-FILE: MODEL.0136.SUM                                        |
|      FILE NOT FOUND                                                          |
| MSG: LOADING SUM-FILE: MODEL.0137.SUM                                        |
|      FILE NOT FOUND                                                          |
| MSG: LOADING SUM-FILE: MODEL.0138.SUM                                        |
|      FILE NOT FOUND                                                          |
| MSG: LOADING SUM-FILE: MODEL.0139.SUM                                        |
|      FILE NOT FOUND                                                          |
| MSG: LOADING SUM-FILE: MODEL.0140.SUM                                        |
|      FILE NOT FOUND                                                          |
| MSG: LOADING SUM-FILE: MODEL.0141.SUM                                        |
|      FILE NOT FOUND                                                          |
| MSG: LOADING SUM-FILE: MODEL.0142.SUM                                        |
|      FILE NOT FOUND                                                          |
| MSG: LOADING SUM-FILE: MODEL.0143.SUM                                        |
|      FILE NOT FOUND                                                          |
| MSG: LOADING SUM-FILE: MODEL.0144.SUM                                        |
|      FILE NOT FOUND                                                          |
| MSG: LOADING SUM-FILE: MODEL.0145.SUM                                        |
|      FILE NOT FOUND                                                          |
| MSG: LOADING SUM-FILE: MODEL.0146.SUM                                        |
|      FILE NOT FOUND                                                          |
| MSG: LOADING SUM-FILE: MODEL.0147.SUM                                        |
|      FILE NOT FOUND                                                          |
| MSG: LOADING SUM-FILE: MODEL.0148.SUM                                        |
|      FILE NOT FOUND                                                          |
| MSG: LOADING SUM-FILE: MODEL.0149.SUM                                        |
|      FILE NOT FOUND                                                          |
| MSG: LOADING SUM-FILE: MODEL.0150.SUM                                        |
|      FILE NOT FOUND                                                          |
| MSG: LOADING SUM-FILE: MODEL.0151.SUM                                        |
|      FILE NOT FOUND                                                          |
| MSG: LOADING SUM-FILE: MODEL.0152.SUM                                        |
|      FILE NOT FOUND                                                          |
| MSG: LOADING SUM-FILE: MODEL.0153.SUM                                        |
|      FILE NOT FOUND                                                          |
| MSG: LOADING SUM-FILE: MODEL.0154.SUM                                        |
|      FILE NOT FOUND                                                          |
| MSG: LOADING SUM-FILE: MODEL.0155.SUM                                        |
|      FILE NOT FOUND                                                          |
| MSG: LOADING SUM-FILE: MODEL.0156.SUM                                        |
|      FILE NOT FOUND                                                          |
| MSG: LOADING SUM-FILE: MODEL.0157.SUM                                        |
|      FILE NOT FOUND                                                          |
| MSG: LOADING SUM-FILE: MODEL.0158.SUM                                        |
|      FILE NOT FOUND                                                          |
| MSG: LOADING SUM-FILE: MODEL.0159.SUM                                        |
|      FILE NOT FOUND                                                          |
| MSG: LOADING SUM-FILE: MODEL.0160.SUM                                        |
|      FILE NOT FOUND                                                          |
| MSG: LOADING SUM-FILE: MODEL.0161.SUM                                        |
|      FILE NOT FOUND                                                          |
| MSG: LOADING SUM-FILE: MODEL.0162.SUM                                        |
|      FILE NOT FOUND                                                          |
| MSG: LOADING SUM-FILE: MODEL.0163.SUM                                        |
|      FILE NOT FOUND                                                          |
| MSG: LOADING SUM-FILE: MODEL.0164.SUM                                        |
|      FILE NOT FOUND                                                          |
| MSG: LOADING SUM-FILE: MODEL.0165.SUM                                        |
|      FILE NOT FOUND                                                          |
| MSG: LOADING SUM-FILE: MODEL.0166.SUM                                        |
|      FILE NOT FOUND                                                          |
| MSG: LOADING SUM-FILE: MODEL.0167.SUM                                        |
|      FILE NOT FOUND                                                          |
| MSG: LOADING SUM-FILE: MODEL.0168.SUM                                        |
|      FILE NOT FOUND                                                          |
| MSG: LOADING SUM-FILE: MODEL.0169.SUM                                        |
|      FILE NOT FOUND                                                          |
| MSG: LOADING SUM-FILE: MODEL.0170.SUM                                        |
|      FILE NOT FOUND                                                          |
| MSG: LOADING SUM-FILE: MODEL.0171.SUM                                        |
|      FILE NOT FOUND                                                          |
| MSG: LOADING SUM-FILE: MODEL.0172.SUM                                        |
|      FILE NOT FOUND                                                          |
| MSG: LOADING SUM-FILE: MODEL.0173.SUM                                        |
|      FILE NOT FOUND                                                          |
| MSG: LOADING SUM-FILE: MODEL.0174.SUM                                        |
|      FILE NOT FOUND                                                          |
| MSG: LOADING SUM-FILE: MODEL.0175.SUM                                        |
|      FILE NOT FOUND                                                          |
| MSG: LOADING SUM-FILE: MODEL.0176.SUM                                        |
|      FILE NOT FOUND                                                          |
| MSG: LOADING SUM-FILE: MODEL.0177.SUM                                        |
|      FILE NOT FOUND                                                          |
| MSG: LOADING SUM-FILE: MODEL.0178.SUM                                        |
|      FILE NOT FOUND                                                          |
| MSG: LOADING SUM-FILE: MODEL.0179.SUM                                        |
|      FILE NOT FOUND                                                          |
| MSG: LOADING SUM-FILE: MODEL.0180.SUM                                        |
|      FILE NOT FOUND                                                          |
| MSG: LOADING SUM-FILE: MODEL.0181.SUM                                        |
|      FILE NOT FOUND                                                          |
| MSG: LOADING SUM-FILE: MODEL.0182.SUM                                        |
|      FILE NOT FOUND                                                          |
| MSG: LOADING SUM-FILE: MODEL.0183.SUM                                        |
|      FILE NOT FOUND                                                          |
| MSG: LOADING SUM-FILE: MODEL.0184.SUM                                        |
|      FILE NOT FOUND                                                          |
| MSG: LOADING SUM-FILE: MODEL.0185.SUM                                        |
|      FILE NOT FOUND                                                          |
| MSG: LOADING SUM-FILE: MODEL.0186.SUM                                        |
|      FILE NOT FOUND                                                          |
| MSG: LOADING SUM-FILE: MODEL.0187.SUM                                        |
|      FILE NOT FOUND                                                          |
| MSG: LOADING SUM-FILE: MODEL.0188.SUM                                        |
|      FILE NOT FOUND                                                          |
| MSG: LOADING SUM-FILE: MODEL.0189.SUM                                        |
|      FILE NOT FOUND                                                          |
| MSG: LOADING SUM-FILE: MODEL.0190.SUM                                        |
|      FILE NOT FOUND                                                          |
| MSG: LOADING SUM-FILE: MODEL.0191.SUM                                        |
|      FILE NOT FOUND                                                          |
| MSG: LOADING SUM-FILE: MODEL.0192.SUM                                        |
|      FILE NOT FOUND                                                          |
| MSG: LOADING SUM-FILE: MODEL.0193.SUM                                        |
|      FILE NOT FOUND                                                          |
| MSG: LOADING SUM-FILE: MODEL.0194.SUM                                        |
|      FILE NOT FOUND                                                          |
| MSG: LOADING SUM-FILE: MODEL.0195.SUM                                        |
|      FILE NOT FOUND                                                          |
| MSG: LOADING SUM-FILE: MODEL.0196.SUM                                        |
|      FILE NOT FOUND                                                          |
| MSG: LOADING SUM-FILE: MODEL.0197.SUM                                        |
|      FILE NOT FOUND                                                          |
| MSG: LOADING SUM-FILE: MODEL.0198.SUM                                        |
|      FILE NOT FOUND                                                          |
| MSG: LOADING SUM-FILE: MODEL.0199.SUM                                        |
|      FILE NOT FOUND                                                          |
| MSG: LOADING SUM-FILE: MODEL.0200.SUM                                        |
|      FILE NOT FOUND                                                          |
| MSG: LOADING SUM-FILE: MODEL.0201.SUM                                        |
|      FILE NOT FOUND                                                          |
| MSG: LOADING SUM-FILE: MODEL.0202.SUM                                        |
|      FILE NOT FOUND                                                          |
| MSG: LOADING SUM-FILE: MODEL.0203.SUM                                        |
|      FILE NOT FOUND                                                          |
| MSG: LOADING SUM-FILE: MODEL.0204.SUM                                        |
|      FILE NOT FOUND                                                          |
| MSG: LOADING SUM-FILE: MODEL.0205.SUM                                        |
|      FILE NOT FOUND                                                          |
| MSG: LOADING SUM-FILE: MODEL.0206.SUM                                        |
|      FILE NOT FOUND                                                          |
| MSG: LOADING SUM-FILE: MODEL.0207.SUM                                        |
|      FILE NOT FOUND                                                          |
| MSG: LOADING SUM-FILE: MODEL.0208.SUM                                        |
|      FILE NOT FOUND                                                          |
| MSG: LOADING SUM-FILE: MODEL.0209.SUM                                        |
|      FILE NOT FOUND                                                          |
| MSG: LOADING SUM-FILE: MODEL.0210.SUM                                        |
|      FILE NOT FOUND                                                          |
| MSG: LOADING SUM-FILE: MODEL.0211.SUM                                        |
|      FILE NOT FOUND                                                          |
| MSG: LOADING SUM-FILE: MODEL.0212.SUM                                        |
|      FILE NOT FOUND                                                          |
| MSG: LOADING SUM-FILE: MODEL.0213.SUM                                        |
|      FILE NOT FOUND                                                          |
| MSG: LOADING SUM-FILE: MODEL.0214.SUM                                        |
|      FILE NOT FOUND                                                          |
| MSG: LOADING SUM-FILE: MODEL.0215.SUM                                        |
|      FILE NOT FOUND                                                          |
| MSG: LOADING SUM-FILE: MODEL.0216.SUM                                        |
|      FILE NOT FOUND                                                          |
| MSG: LOADING SUM-FILE: MODEL.0217.SUM                                        |
|      FILE NOT FOUND                                                          |
| MSG: LOADING SUM-FILE: MODEL.0218.SUM                                        |
|      FILE NOT FOUND                                                          |
| MSG: LOADING SUM-FILE: MODEL.0219.SUM                                        |
|      FILE NOT FOUND                                                          |
| MSG: LOADING SUM-FILE: MODEL.0220.SUM                                        |
|      FILE NOT FOUND                                                          |
| MSG: LOADING SUM-FILE: MODEL.0221.SUM                                        |
|      FILE NOT FOUND                                                          |
| MSG: LOADING SUM-FILE: MODEL.0222.SUM                                        |
|      FILE NOT FOUND                                                          |
| MSG: LOADING SUM-FILE: MODEL.0223.SUM                                        |
|      FILE NOT FOUND                                                          |
| MSG: LOADING SUM-FILE: MODEL.0224.SUM                                        |
|      FILE NOT FOUND                                                          |
| MSG: LOADING SUM-FILE: MODEL.0225.SUM                                        |
|      FILE NOT FOUND                                                          |
| MSG: LOADING SUM-FILE: MODEL.0226.SUM                                        |
|      FILE NOT FOUND                                                          |
| MSG: LOADING SUM-FILE: MODEL.0227.SUM                                        |
|      FILE NOT FOUND                                                          |
| MSG: LOADING SUM-FILE: MODEL.0228.SUM                                        |
|      FILE NOT FOUND                                                          |
| MSG: LOADING SUM-FILE: MODEL.0229.SUM                                        |
|      FILE NOT FOUND                                                          |
| MSG: LOADING SUM-FILE: MODEL.0230.SUM                                        |
|      FILE NOT FOUND                                                          |
| MSG: LOADING SUM-FILE: MODEL.0231.SUM                                        |
|      FILE NOT FOUND                                                          |
| MSG: LOADING SUM-FILE: MODEL.0232.SUM                                        |
|      FILE NOT FOUND                                                          |
| MSG: LOADING SUM-FILE: MODEL.0233.SUM                                        |
|      FILE NOT FOUND                                                          |
| MSG: LOADING SUM-FILE: MODEL.0234.SUM                                        |
|      FILE NOT FOUND                                                          |
| MSG: LOADING SUM-FILE: MODEL.0235.SUM                                        |
|      FILE NOT FOUND                                                          |
| MSG: LOADING SUM-FILE: MODEL.0236.SUM                                        |
|      FILE NOT FOUND                                                          |
| MSG: LOADING SUM-FILE: MODEL.0237.SUM                                        |
|      FILE NOT FOUND                                                          |
| MSG: LOADING SUM-FILE: MODEL.0238.SUM                                        |
|      FILE NOT FOUND                                                          |
| MSG: LOADING SUM-FILE: MODEL.0239.SUM                                        |
|      FILE NOT FOUND                                                          |
| MSG: LOADING SUM-FILE: MODEL.0240.SUM                                        |
|      FILE NOT FOUND                                                          |
| MSG: LOADING SUM-FILE: MODEL.0241.SUM                                        |
|      FILE NOT FOUND                                                          |
| MSG: LOADING SUM-FILE: MODEL.0242.SUM                                        |
|      FILE NOT FOUND                                                          |
| MSG: LOADING SUM-FILE: MODEL.0243.SUM                                        |
|      FILE NOT FOUND                                                          |
| MSG: LOADING SUM-FILE: MODEL.0244.SUM                                        |
|      FILE NOT FOUND                                                          |
| MSG: LOADING SUM-FILE: MODEL.0245.SUM                                        |
|      FILE NOT FOUND                                                          |
| MSG: LOADING SUM-FILE: MODEL.0246.SUM                                        |
|      FILE NOT FOUND                                                          |
| MSG: LOADING SUM-FILE: MODEL.0247.SUM                                        |
|      FILE NOT FOUND                                                          |
| MSG: LOADING SUM-FILE: MODEL.0248.SUM                                        |
|      FILE NOT FOUND                                                          |
| MSG: LOADING SUM-FILE: MODEL.0249.SUM                                        |
|      FILE NOT FOUND                                                          |
| MSG: LOADING SUM-FILE: MODEL.0250.SUM                                        |
|      FILE NOT FOUND                                                          |
| MSG: LOADING SUM-FILE: MODEL.0251.SUM                                        |
|      FILE NOT FOUND                                                          |
| MSG: LOADING SUM-FILE: MODEL.0252.SUM                                        |
|      FILE NOT FOUND                                                          |
| MSG: LOADING SUM-FILE: MODEL.0253.SUM                                        |
|      FILE NOT FOUND                                                          |
| MSG: LOADING SUM-FILE: MODEL.0254.SUM                                        |
|      FILE NOT FOUND                                                          |
| MSG: LOADING SUM-FILE: MODEL.0255.SUM                                        |
|      FILE NOT FOUND                                                          |
| MSG: LOADING SUM-FILE: MODEL.0256.SUM                                        |
|      FILE NOT FOUND                                                          |
| MSG: LOADING SUM-FILE: MODEL.0257.SUM                                        |
|      FILE NOT FOUND                                                          |
| MSG: LOADING SUM-FILE: MODEL.0258.SUM                                        |
|      FILE NOT FOUND                                                          |
| MSG: LOADING SUM-FILE: MODEL.0259.SUM                                        |
|      FILE NOT FOUND                                                          |
| MSG: LOADING SUM-FILE: MODEL.0260.SUM                                        |
|      FILE NOT FOUND                                                          |
| MSG: LOADING SUM-FILE: MODEL.0261.SUM                                        |
|      FILE NOT FOUND                                                          |
| MSG: LOADING SUM-FILE: MODEL.0262.SUM                                        |
|      FILE NOT FOUND                                                          |
| MSG: LOADING SUM-FILE: MODEL.0263.SUM                                        |
|      FILE NOT FOUND                                                          |
| MSG: LOADING SUM-FILE: MODEL.0264.SUM                                        |
|      FILE NOT FOUND                                                          |
| MSG: LOADING SUM-FILE: MODEL.0265.SUM                                        |
|      FILE NOT FOUND                                                          |
| MSG: LOADING SUM-FILE: MODEL.0266.SUM                                        |
|      FILE NOT FOUND                                                          |
| MSG: LOADING SUM-FILE: MODEL.0267.SUM                                        |
|      FILE NOT FOUND                                                          |
| MSG: LOADING SUM-FILE: MODEL.0268.SUM                                        |
|      FILE NOT FOUND                                                          |
| MSG: LOADING SUM-FILE: MODEL.0269.SUM                                        |
|      FILE NOT FOUND                                                          |
| MSG: LOADING SUM-FILE: MODEL.0270.SUM                                        |
|      FILE NOT FOUND                                                          |
| MSG: LOADING SUM-FILE: MODEL.0271.SUM                                        |
|      FILE NOT FOUND                                                          |
| MSG: LOADING SUM-FILE: MODEL.0272.SUM                                        |
|      FILE NOT FOUND                                                          |
| MSG: LOADING SUM-FILE: MODEL.0273.SUM                                        |
|      FILE NOT FOUND                                                          |
| MSG: LOADING SUM-FILE: MODEL.0274.SUM                                        |
|      FILE NOT FOUND                                                          |
| MSG: LOADING SUM-FILE: MODEL.0275.SUM                                        |
|      FILE NOT FOUND                                                          |
| MSG: LOADING SUM-FILE: MODEL.0276.SUM                                        |
|      FILE NOT FOUND                                                          |
| MSG: LOADING SUM-FILE: MODEL.0277.SUM                                        |
|      FILE NOT FOUND                                                          |
| MSG: LOADING SUM-FILE: MODEL.0278.SUM                                        |
|      FILE NOT FOUND                                                          |
| MSG: LOADING SUM-FILE: MODEL.0279.SUM                                        |
|      FILE NOT FOUND                                                          |
| MSG: LOADING SUM-FILE: MODEL.0280.SUM                                        |
|      FILE NOT FOUND                                                          |
| MSG: LOADING SUM-FILE: MODEL.0281.SUM                                        |
|      FILE NOT FOUND                                                          |
| MSG: LOADING SUM-FILE: MODEL.0282.SUM                                        |
|      FILE NOT FOUND                                                          |
| MSG: LOADING SUM-FILE: MODEL.0283.SUM                                        |
|      FILE NOT FOUND                                                          |
| MSG: LOADING SUM-FILE: MODEL.0284.SUM                                        |
|      FILE NOT FOUND                                                          |
| MSG: LOADING SUM-FILE: MODEL.0285.SUM                                        |
|      FILE NOT FOUND                                                          |
| MSG: LOADING SUM-FILE: MODEL.0286.SUM                                        |
|      FILE NOT FOUND                                                          |
| MSG: LOADING SUM-FILE: MODEL.0287.SUM                                        |
|      FILE NOT FOUND                                                          |
| MSG: LOADING SUM-FILE: MODEL.0288.SUM                                        |
|      FILE NOT FOUND                                                          |
| MSG: LOADING SUM-FILE: MODEL.0289.SUM                                        |
|      FILE NOT FOUND                                                          |
| MSG: LOADING SUM-FILE: MODEL.0290.SUM                                        |
|      FILE NOT FOUND                                                          |
| MSG: LOADING SUM-FILE: MODEL.0291.SUM                                        |
|      FILE NOT FOUND                                                          |
| MSG: LOADING SUM-FILE: MODEL.0292.SUM                                        |
|      FILE NOT FOUND                                                          |
| MSG: LOADING SUM-FILE: MODEL.0293.SUM                                        |
|      FILE NOT FOUND                                                          |
| MSG: LOADING SUM-FILE: MODEL.0294.SUM                                        |
|      FILE NOT FOUND                                                          |
| MSG: LOADING SUM-FILE: MODEL.0295.SUM                                        |
|      FILE NOT FOUND                                                          |
| MSG: LOADING SUM-FILE: MODEL.0296.SUM                                        |
|      FILE NOT FOUND                                                          |
| MSG: LOADING SUM-FILE: MODEL.0297.SUM                                        |
|      FILE NOT FOUND                                                          |
| MSG: LOADING SUM-FILE: MODEL.0298.SUM                                        |
|      FILE NOT FOUND                                                          |
| MSG: LOADING SUM-FILE: MODEL.0299.SUM                                        |
|      FILE NOT FOUND                                                          |
| MSG: LOADING SUM-FILE: MODEL.0300.SUM                                        |
|      FILE NOT FOUND                                                          |
| MSG: LOADING SUM-FILE: MODEL.0301.SUM                                        |
|      FILE NOT FOUND                                                          |
| MSG: LOADING SUM-FILE: MODEL.0302.SUM                                        |
|      FILE NOT FOUND                                                          |
| MSG: LOADING SUM-FILE: MODEL.0303.SUM                                        |
|      FILE NOT FOUND                                                          |
| MSG: LOADING SUM-FILE: MODEL.0304.SUM                                        |
|      FILE NOT FOUND                                                          |
| MSG: LOADING SUM-FILE: MODEL.0305.SUM                                        |
|      FILE NOT FOUND                                                          |
| MSG: LOADING SUM-FILE: MODEL.0306.SUM                                        |
|      FILE NOT FOUND                                                          |
| MSG: LOADING SUM-FILE: MODEL.0307.SUM                                        |
|      FILE NOT FOUND                                                          |
| MSG: LOADING SUM-FILE: MODEL.0308.SUM                                        |
|      FILE NOT FOUND                                                          |
| MSG: LOADING SUM-FILE: MODEL.0309.SUM                                        |
|      FILE NOT FOUND                                                          |
| MSG: LOADING SUM-FILE: MODEL.0310.SUM                                        |
|      FILE NOT FOUND                                                          |
| MSG: LOADING SUM-FILE: MODEL.0311.SUM                                        |
|      FILE NOT FOUND                                                          |
| MSG: LOADING SUM-FILE: MODEL.0312.SUM                                        |
|      FILE NOT FOUND                                                          |
| MSG: LOADING SUM-FILE: MODEL.0313.SUM                                        |
|      FILE NOT FOUND                                                          |
| MSG: LOADING SUM-FILE: MODEL.0314.SUM                                        |
|      FILE NOT FOUND                                                          |
| MSG: LOADING SUM-FILE: MODEL.0315.SUM                                        |
|      FILE NOT FOUND                                                          |
| MSG: LOADING SUM-FILE: MODEL.0316.SUM                                        |
|      FILE NOT FOUND                                                          |
| MSG: LOADING SUM-FILE: MODEL.0317.SUM                                        |
|      FILE NOT FOUND                                                          |
| MSG: LOADING SUM-FILE: MODEL.0318.SUM                                        |
|      FILE NOT FOUND                                                          |
| MSG: LOADING SUM-FILE: MODEL.0319.SUM                                        |
|      FILE NOT FOUND                                                          |
| MSG: LOADING SUM-FILE: MODEL.0320.SUM                                        |
|      FILE NOT FOUND                                                          |
| MSG: LOADING SUM-FILE: MODEL.0321.SUM                                        |
|      FILE NOT FOUND                                                          |
| MSG: LOADING SUM-FILE: MODEL.0322.SUM                                        |
|      FILE NOT FOUND                                                          |
| MSG: LOADING SUM-FILE: MODEL.0323.SUM                                        |
|      FILE NOT FOUND                                                          |
| MSG: LOADING SUM-FILE: MODEL.0324.SUM                                        |
|      FILE NOT FOUND                                                          |
| MSG: LOADING SUM-FILE: MODEL.0325.SUM                                        |
|      FILE NOT FOUND                                                          |
| MSG: LOADING SUM-FILE: MODEL.0326.SUM                                        |
|      FILE NOT FOUND                                                          |
| MSG: LOADING SUM-FILE: MODEL.0327.SUM                                        |
|      FILE NOT FOUND                                                          |
| MSG: LOADING SUM-FILE: MODEL.0328.SUM                                        |
|      FILE NOT FOUND                                                          |
| MSG: LOADING SUM-FILE: MODEL.0329.SUM                                        |
|      FILE NOT FOUND                                                          |
| MSG: LOADING SUM-FILE: MODEL.0330.SUM                                        |
|      FILE NOT FOUND                                                          |
| MSG: LOADING SUM-FILE: MODEL.0331.SUM                                        |
|      FILE NOT FOUND                                                          |
| MSG: LOADING SUM-FILE: MODEL.0332.SUM                                        |
|      FILE NOT FOUND                                                          |
| MSG: LOADING SUM-FILE: MODEL.0333.SUM                                        |
|      FILE NOT FOUND                                                          |
| MSG: LOADING SUM-FILE: MODEL.0334.SUM                                        |
|      FILE NOT FOUND                                                          |
| MSG: LOADING SUM-FILE: MODEL.0335.SUM                                        |
|      FILE NOT FOUND                                                          |
| MSG: LOADING SUM-FILE: MODEL.0336.SUM                                        |
|      FILE NOT FOUND                                                          |
| MSG: LOADING SUM-FILE: MODEL.0337.SUM                                        |
|      FILE NOT FOUND                                                          |
| MSG: LOADING SUM-FILE: MODEL.0338.SUM                                        |
|      FILE NOT FOUND                                                          |
| MSG: LOADING SUM-FILE: MODEL.0339.SUM                                        |
|      FILE NOT FOUND                                                          |
| MSG: LOADING SUM-FILE: MODEL.0340.SUM                                        |
|      FILE NOT FOUND                                                          |
| MSG: LOADING SUM-FILE: MODEL.0341.SUM                                        |
|      FILE NOT FOUND                                                          |
| MSG: LOADING SUM-FILE: MODEL.0342.SUM                                        |
|      FILE NOT FOUND                                                          |
| MSG: LOADING SUM-FILE: MODEL.0343.SUM                                        |
|      FILE NOT FOUND                                                          |
| MSG: LOADING SUM-FILE: MODEL.0344.SUM                                        |
|      FILE NOT FOUND                                                          |
| MSG: LOADING SUM-FILE: MODEL.0345.SUM                                        |
|      FILE NOT FOUND                                                          |
| MSG: LOADING SUM-FILE: MODEL.0346.SUM                                        |
|      FILE NOT FOUND                                                          |
| MSG: LOADING SUM-FILE: MODEL.0347.SUM                                        |
|      FILE NOT FOUND                                                          |
| MSG: LOADING SUM-FILE: MODEL.0348.SUM                                        |
|      FILE NOT FOUND                                                          |
| MSG: LOADING SUM-FILE: MODEL.0349.SUM                                        |
|      FILE NOT FOUND                                                          |
| MSG: LOADING SUM-FILE: MODEL.0350.SUM                                        |
|      FILE NOT FOUND                                                          |
| MSG: LOADING SUM-FILE: MODEL.0351.SUM                                        |
|      FILE NOT FOUND                                                          |
| MSG: LOADING SUM-FILE: MODEL.0352.SUM                                        |
|      FILE NOT FOUND                                                          |
| MSG: LOADING SUM-FILE: MODEL.0353.SUM                                        |
|      FILE NOT FOUND                                                          |
| MSG: LOADING SUM-FILE: MODEL.0354.SUM                                        |
|      FILE NOT FOUND                                                          |
| MSG: LOADING SUM-FILE: MODEL.0355.SUM                                        |
|      FILE NOT FOUND                                                          |
| MSG: LOADING SUM-FILE: MODEL.0356.SUM                                        |
|      FILE NOT FOUND                                                          |
| MSG: LOADING SUM-FILE: MODEL.0357.SUM                                        |
|      FILE NOT FOUND                                                          |
| MSG: LOADING SUM-FILE: MODEL.0358.SUM                                        |
|      FILE NOT FOUND                                                          |
| MSG: LOADING SUM-FILE: MODEL.0359.SUM                                        |
|      FILE NOT FOUND                                                          |
| MSG: LOADING SUM-FILE: MODEL.0360.SUM                                        |
|      FILE NOT FOUND                                                          |
| MSG: LOADING SUM-FILE: MODEL.0361.SUM                                        |
|      FILE NOT FOUND                                                          |
| MSG: LOADING SUM-FILE: MODEL.0362.SUM                                        |
|      FILE NOT FOUND                                                          |
| MSG: LOADING SUM-FILE: MODEL.0363.SUM                                        |
|      FILE NOT FOUND                                                          |
| MSG: LOADING SUM-FILE: MODEL.0364.SUM                                        |
|      FILE NOT FOUND                                                          |
| MSG: LOADING SUM-FILE: MODEL.0365.SUM                                        |
|      FILE NOT FOUND                                                          |
---------------------------- EXECUTION INFORMATION -----------------------------
|          CURRENT DATE:  04.12.2022             MESSAGES: 440                 |
|          CURRENT TIME:  13:32:49               WARNINGS: 0                   |
|          ELAPSED TIME:  00:00:00.402             ERRORS: 0                   |
|------------------------------------------------------------------------------|
|                                                                              |
|                           H-SIMULATION SUCCEEDED                             |
|                                                                              |
################################################################################
